🚀 Server running at http://localhost:3000
   - Auth API: /api/auth/*
   - Timeline API: /api/timeline, /api/calendar/:date/timeline
   - Health Check: /health
🚀 Server running at http://localhost:3000
   - Auth API: /api/auth/*
   - Timeline API: /api/timeline, /api/calendar/:date/timeline
   - Health Check: /health
[2m2026-01-27T10:58:07.416Z[0m [31mERROR[0m [1m[Better Auth]:[0m User not found {
  email: "test@example.com",
}
[2m2026-01-27T10:58:42.533Z[0m [31mERROR[0m [1m[Better Auth]:[0m User not found {
  email: "test@example.com",
}
[2m2026-01-27T11:02:35.017Z[0m [31mERROR[0m [1m[Better Auth]:[0m Invalid password
error: Cannot find module "@elysiajs/cors" from "/Users/andrzej.witkowski/IdeaProjects/angry_parents/backend/src/index.ts"
🚀 Server running at localhost:3000
   - Auth API: /api/auth/*
   - Timeline API: /api/timeline, /api/calendar/:date/timeline
   - Health Check: /api/health
🚀 Server running at localhost:3000
   - Auth API: /api/auth/*
   - Timeline API: /api/timeline, /api/calendar/:date/timeline
   - Health Check: /api/health
🚀 Server running at 0.0.0.0:3000
   - Auth API: /api/auth/*
   - Timeline API: /api/timeline, /api/calendar/:date/timeline
   - Health Check: /api/health
🚀 Server running at 0.0.0.0:3000
   - Auth API: /api/auth/*
   - Timeline API: /api/timeline, /api/calendar/:date/timeline
   - Health Check: /api/health
$ vite

  VITE v7.3.1  ready in 128 ms

  ➜  Local:   http://localhost:5173/
  ➜  Network: use --host to expose
  ➜  press h + enter to show help
node:events:496
      throw er; // Unhandled 'error' event
      ^

Error: read EIO
    at TTY.onStreamRead (node:internal/stream_base_commons:216:20)
Emitted 'error' event on Interface instance at:
    at ReadStream.onerror (node:internal/readline/interface:242:10)
    at ReadStream.emit (node:events:518:28)
    at emitErrorNT (node:internal/streams/destroy:170:8)
    at emitErrorCloseNT (node:internal/streams/destroy:129:3)
    at process.processTicksAndRejections (node:internal/process/task_queues:90:21) {
  errno: -5,
  code: 'EIO',
  syscall: 'read'
}

Node.js v22.15.0
